<?xml version="1.0" encoding="UTF-8"?>
<!-- Generated by org.testng.reporters.JUnitReportReporter -->
<testsuite skipped="0" hostname="LAPTOP-FNE191SI" name="testSuite.login_verification" tests="1" failures="0" timestamp="11 Nov 2017 10:43:46 GMT" time="2.837" errors="0">
  <testcase name="TC01_login_verification" time="2.837" classname="testSuite.login_verification"/>
</testsuite> <!-- testSuite.login_verification -->
